{"name": "test_homePageTitle", "status": "failed", "statusDetails": {"message": "AssertionError: assert False", "trace": "self = <testCases.test_login.Test_001_login object at 0x0C5955B0>\nsetup = <selenium.webdriver.chrome.webdriver.WebDriver (session=\"4d6d64a1c8333b56c7a35e6e683a6e94\")>\n\n    @pytest.mark.sanity\n    @pytest.mark.regression\n    def test_homePageTitle(self,setup):\n        #self.logger.info(\"************Test_001_login********* \")\n        self.logger.info(\"************verify home page Title********* \")\n        self.driver = setup\n        self.driver.get(self.baseURL)\n        act_title = self.driver.title\n        if act_title ==  \"Your store. Logi\":\n            assert True\n            self.driver.close()\n            self.logger.info(\"*******Home page Ttitle test is passed******\")\n        else:\n            self.driver.save_screenshot(\".\\\\ScreenShots\\\\\" + \"test_homePageTitle.png\")\n            self.driver.close()\n            self.logger.info(\"*******Home page Ttitle test is Failed******\")\n>           assert False\nE           assert False\n\ntestCases\\test_login.py:39: AssertionError"}, "attachments": [{"name": "log", "source": "062b953c-e611-4b2f-800f-9c4183067883-attachment.txt", "type": "text/plain"}], "start": 1658888799202, "stop": 1658888800079, "uuid": "3b364598-6ae5-46b6-8f30-249c3bbb9678", "historyId": "8937696dda85d07974478b86409a3429", "testCaseId": "43b8ada37a58c4f49e370eb2ded98e66", "fullName": "test_login.Test_001_login#test_homePageTitle", "labels": [{"name": "tag", "value": "regression"}, {"name": "tag", "value": "sanity"}, {"name": "suite", "value": "test_login"}, {"name": "subSuite", "value": "Test_001_login"}, {"name": "host", "value": "DESKTOP-05KT7RJ"}, {"name": "thread", "value": "16216-MainThread"}, {"name": "framework", "value": "pytest"}, {"name": "language", "value": "cpython3"}, {"name": "package", "value": "test_login"}]}