{"name": "test_homePageTitle", "status": "failed", "statusDetails": {"message": "AssertionError: assert False", "trace": "self = <testCases.test_login.Test_001_login object at 0x04534F10>\nsetup = <selenium.webdriver.chrome.webdriver.WebDriver (session=\"538bfa7bbe88f58cff146bf5a9a20f14\")>\n\n    @pytest.mark.sanity\n    @pytest.mark.regression\n    def test_homePageTitle(self,setup):\n        #self.logger.info(\"************Test_001_login********* \")\n        self.logger.info(\"************verify home page Title********* \")\n        self.driver = setup\n        self.driver.get(self.baseURL)\n        act_title = self.driver.title\n        if act_title ==  \"Your store. Logi\":\n            assert True\n            self.driver.close()\n            self.logger.info(\"*******Home page Ttitle test is passed******\")\n        else:\n            self.driver.save_screenshot(\".\\\\ScreenShots\\\\\" + \"test_homePageTitle.png\")\n            self.driver.close()\n            self.logger.info(\"*******Home page Ttitle test is Failed******\")\n>           assert False\nE           assert False\n\ntestCases\\test_login.py:39: AssertionError"}, "attachments": [{"name": "log", "source": "0f912946-8b1a-4ad2-88a8-675ef945ec5e-attachment.txt", "type": "text/plain"}], "start": 1657693990486, "stop": 1657693991754, "uuid": "1d4c34c7-43d8-48de-97a4-646a43c8d66a", "historyId": "8937696dda85d07974478b86409a3429", "testCaseId": "43b8ada37a58c4f49e370eb2ded98e66", "fullName": "test_login.Test_001_login#test_homePageTitle", "labels": [{"name": "tag", "value": "regression"}, {"name": "tag", "value": "sanity"}, {"name": "suite", "value": "test_login"}, {"name": "subSuite", "value": "Test_001_login"}, {"name": "host", "value": "DESKTOP-05KT7RJ"}, {"name": "thread", "value": "18756-MainThread"}, {"name": "framework", "value": "pytest"}, {"name": "language", "value": "cpython3"}, {"name": "package", "value": "test_login"}]}