{"name": "test_homePageTitle", "status": "failed", "statusDetails": {"message": "AssertionError: assert False", "trace": "self = <testCases.test_login.Test_001_login object at 0x041CFD78>\nsetup = <selenium.webdriver.chrome.webdriver.WebDriver (session=\"0ffba0722430e7ad339cb9b557260085\")>\n\n    @pytest.mark.sanity\n    @pytest.mark.regression\n    def test_homePageTitle(self,setup):\n        #self.logger.info(\"************Test_001_login********* \")\n        self.logger.info(\"************verify home page Title********* \")\n        self.driver = setup\n        self.driver.get(self.baseURL)\n        act_title = self.driver.title\n        if act_title ==  \"Your store. Logi\":\n            assert True\n            self.driver.close()\n            self.logger.info(\"*******Home page Ttitle test is passed******\")\n        else:\n            self.driver.save_screenshot(\".\\\\ScreenShots\\\\\" + \"test_homePageTitle.png\")\n            self.driver.close()\n            self.logger.info(\"*******Home page Ttitle test is Failed******\")\n>           assert False\nE           assert False\n\ntestCases\\test_login.py:39: AssertionError"}, "attachments": [{"name": "log", "source": "fcde5e65-5048-4ecb-b6c5-856d0b0046ed-attachment.txt", "type": "text/plain"}], "start": 1658893756686, "stop": 1658893761778, "uuid": "4f1b14f2-622c-4173-9877-637a22db3e41", "historyId": "8937696dda85d07974478b86409a3429", "testCaseId": "43b8ada37a58c4f49e370eb2ded98e66", "fullName": "test_login.Test_001_login#test_homePageTitle", "labels": [{"name": "tag", "value": "regression"}, {"name": "tag", "value": "sanity"}, {"name": "suite", "value": "test_login"}, {"name": "subSuite", "value": "Test_001_login"}, {"name": "host", "value": "DESKTOP-05KT7RJ"}, {"name": "thread", "value": "10228-MainThread"}, {"name": "framework", "value": "pytest"}, {"name": "language", "value": "cpython3"}, {"name": "package", "value": "test_login"}]}